  Algorithms.cpp
  Concurrent.cpp
C:\Users\Legel.DESKTOP-RKOK0RG\source\repos\StaticServer\ServerLibrary\Server.h(14,19): error C2143: syntax error: missing ';' before '*'
  (compiling source file 'Algorithms.cpp')
  
C:\Users\Legel.DESKTOP-RKOK0RG\source\repos\StaticServer\ServerLibrary\Server.h(14,9): error C4430: missing type specifier - int assumed. Note: C++ does not support default-int
  (compiling source file 'Algorithms.cpp')
  
C:\Users\Legel.DESKTOP-RKOK0RG\source\repos\StaticServer\ServerLibrary\Server.h(14,37): error C2238: unexpected token(s) preceding ';'
  (compiling source file 'Algorithms.cpp')
  
C:\Users\Legel.DESKTOP-RKOK0RG\source\repos\StaticServer\ServerLibrary\Algorithms.h(14,19): error C2143: syntax error: missing ';' before '*'
  (compiling source file 'Concurrent.cpp')
  
C:\Users\Legel.DESKTOP-RKOK0RG\source\repos\StaticServer\ServerLibrary\Algorithms.h(14,9): error C4430: missing type specifier - int assumed. Note: C++ does not support default-int
  (compiling source file 'Concurrent.cpp')
  
C:\Users\Legel.DESKTOP-RKOK0RG\source\repos\StaticServer\ServerLibrary\Algorithms.h(14,63): error C2238: unexpected token(s) preceding ';'
  (compiling source file 'Concurrent.cpp')
  
C:\Users\Legel.DESKTOP-RKOK0RG\source\repos\StaticServer\ServerLibrary\Concurrent.cpp(59,70): error C2039: 'Get_Concurren_Array': is not a member of 'FLORENCE::Algorithms'
      C:\Users\Legel.DESKTOP-RKOK0RG\source\repos\StaticServer\ServerLibrary\Algorithms.h(9,11):
      see declaration of 'FLORENCE::Algorithms'
  
C:\Users\Legel.DESKTOP-RKOK0RG\source\repos\StaticServer\ServerLibrary\Concurrent.cpp(76,70): error C2039: 'Get_Concurren_Array': is not a member of 'FLORENCE::Algorithms'
      C:\Users\Legel.DESKTOP-RKOK0RG\source\repos\StaticServer\ServerLibrary\Algorithms.h(9,11):
      see declaration of 'FLORENCE::Algorithms'
  
C:\Users\Legel.DESKTOP-RKOK0RG\source\repos\StaticServer\ServerLibrary\Concurrent.cpp(78,74): error C2039: 'Get_Concurren_Array': is not a member of 'FLORENCE::Algorithms'
      C:\Users\Legel.DESKTOP-RKOK0RG\source\repos\StaticServer\ServerLibrary\Algorithms.h(9,11):
      see declaration of 'FLORENCE::Algorithms'
  
  Control_Of_Algorithms.cpp
  Control_Of_Concurrent.cpp
C:\Users\Legel.DESKTOP-RKOK0RG\source\repos\StaticServer\ServerLibrary\Concurrent.h(28,30): error C2143: syntax error: missing ';' before '*'
  (compiling source file 'Control_Of_Concurrent.cpp')
  
C:\Users\Legel.DESKTOP-RKOK0RG\source\repos\StaticServer\ServerLibrary\Concurrent.h(28,9): error C4430: missing type specifier - int assumed. Note: C++ does not support default-int
  (compiling source file 'Control_Of_Concurrent.cpp')
  
C:\Users\Legel.DESKTOP-RKOK0RG\source\repos\StaticServer\ServerLibrary\Concurrent.h(28,59): error C2238: unexpected token(s) preceding ';'
  (compiling source file 'Control_Of_Concurrent.cpp')
  
  Control_Of_Data.cpp
C:\Users\Legel.DESKTOP-RKOK0RG\source\repos\StaticServer\ServerLibrary\Server.h(14,19): error C2143: syntax error: missing ';' before '*'
  (compiling source file 'Control_Of_Data.cpp')
  
C:\Users\Legel.DESKTOP-RKOK0RG\source\repos\StaticServer\ServerLibrary\Server.h(14,9): error C4430: missing type specifier - int assumed. Note: C++ does not support default-int
  (compiling source file 'Control_Of_Data.cpp')
  
C:\Users\Legel.DESKTOP-RKOK0RG\source\repos\StaticServer\ServerLibrary\Server.h(14,37): error C2238: unexpected token(s) preceding ';'
  (compiling source file 'Control_Of_Data.cpp')
  
  Control_Of_Execute.cpp
C:\Users\Legel.DESKTOP-RKOK0RG\source\repos\StaticServer\ServerLibrary\Server.h(14,19): error C2143: syntax error: missing ';' before '*'
  (compiling source file 'Control_Of_Execute.cpp')
  
C:\Users\Legel.DESKTOP-RKOK0RG\source\repos\StaticServer\ServerLibrary\Server.h(14,9): error C4430: missing type specifier - int assumed. Note: C++ does not support default-int
  (compiling source file 'Control_Of_Execute.cpp')
  
C:\Users\Legel.DESKTOP-RKOK0RG\source\repos\StaticServer\ServerLibrary\Server.h(14,37): error C2238: unexpected token(s) preceding ';'
  (compiling source file 'Control_Of_Execute.cpp')
  
  Control_Of_Input.cpp
C:\Users\Legel.DESKTOP-RKOK0RG\source\repos\StaticServer\ServerLibrary\Server.h(14,19): error C2143: syntax error: missing ';' before '*'
  (compiling source file 'Control_Of_Input.cpp')
  
C:\Users\Legel.DESKTOP-RKOK0RG\source\repos\StaticServer\ServerLibrary\Server.h(14,9): error C4430: missing type specifier - int assumed. Note: C++ does not support default-int
  (compiling source file 'Control_Of_Input.cpp')
  
C:\Users\Legel.DESKTOP-RKOK0RG\source\repos\StaticServer\ServerLibrary\Server.h(14,37): error C2238: unexpected token(s) preceding ';'
  (compiling source file 'Control_Of_Input.cpp')
  
  Control_Of_LaunchConcurrency.cpp
C:\Users\Legel.DESKTOP-RKOK0RG\source\repos\StaticServer\ServerLibrary\Server.h(14,19): error C2143: syntax error: missing ';' before '*'
  (compiling source file 'Control_Of_LaunchConcurrency.cpp')
  
C:\Users\Legel.DESKTOP-RKOK0RG\source\repos\StaticServer\ServerLibrary\Server.h(14,9): error C4430: missing type specifier - int assumed. Note: C++ does not support default-int
  (compiling source file 'Control_Of_LaunchConcurrency.cpp')
  
C:\Users\Legel.DESKTOP-RKOK0RG\source\repos\StaticServer\ServerLibrary\Server.h(14,37): error C2238: unexpected token(s) preceding ';'
  (compiling source file 'Control_Of_LaunchConcurrency.cpp')
  
  Control_Of_ListenRespond.cpp
  Control_Of_Output.cpp
C:\Users\Legel.DESKTOP-RKOK0RG\source\repos\StaticServer\ServerLibrary\Server.h(14,19): error C2143: syntax error: missing ';' before '*'
  (compiling source file 'Control_Of_Output.cpp')
  
C:\Users\Legel.DESKTOP-RKOK0RG\source\repos\StaticServer\ServerLibrary\Server.h(14,9): error C4430: missing type specifier - int assumed. Note: C++ does not support default-int
  (compiling source file 'Control_Of_Output.cpp')
  
C:\Users\Legel.DESKTOP-RKOK0RG\source\repos\StaticServer\ServerLibrary\Server.h(14,37): error C2238: unexpected token(s) preceding ';'
  (compiling source file 'Control_Of_Output.cpp')
  
  Control_Of_WriteEnable.cpp
C:\Users\Legel.DESKTOP-RKOK0RG\source\repos\StaticServer\ServerLibrary\Server.h(14,19): error C2143: syntax error: missing ';' before '*'
  (compiling source file 'Control_Of_WriteEnable.cpp')
  
C:\Users\Legel.DESKTOP-RKOK0RG\source\repos\StaticServer\ServerLibrary\Server.h(14,9): error C4430: missing type specifier - int assumed. Note: C++ does not support default-int
  (compiling source file 'Control_Of_WriteEnable.cpp')
  
C:\Users\Legel.DESKTOP-RKOK0RG\source\repos\StaticServer\ServerLibrary\Server.h(14,37): error C2238: unexpected token(s) preceding ';'
  (compiling source file 'Control_Of_WriteEnable.cpp')
  
  Data.cpp
C:\Users\Legel.DESKTOP-RKOK0RG\source\repos\StaticServer\ServerLibrary\Server.h(14,19): error C2143: syntax error: missing ';' before '*'
  (compiling source file 'Data.cpp')
  
C:\Users\Legel.DESKTOP-RKOK0RG\source\repos\StaticServer\ServerLibrary\Server.h(14,9): error C4430: missing type specifier - int assumed. Note: C++ does not support default-int
  (compiling source file 'Data.cpp')
  
C:\Users\Legel.DESKTOP-RKOK0RG\source\repos\StaticServer\ServerLibrary\Server.h(14,37): error C2238: unexpected token(s) preceding ';'
  (compiling source file 'Data.cpp')
  
  Execute.cpp
C:\Users\Legel.DESKTOP-RKOK0RG\source\repos\StaticServer\ServerLibrary\Server.h(14,19): error C2143: syntax error: missing ';' before '*'
  (compiling source file 'Execute.cpp')
  
C:\Users\Legel.DESKTOP-RKOK0RG\source\repos\StaticServer\ServerLibrary\Server.h(14,9): error C4430: missing type specifier - int assumed. Note: C++ does not support default-int
  (compiling source file 'Execute.cpp')
  
C:\Users\Legel.DESKTOP-RKOK0RG\source\repos\StaticServer\ServerLibrary\Server.h(14,37): error C2238: unexpected token(s) preceding ';'
  (compiling source file 'Execute.cpp')
  
C:\Users\Legel.DESKTOP-RKOK0RG\source\repos\StaticServer\ServerLibrary\Execute.cpp(43,44): error C2039: 'Get_Algorithms': is not a member of 'FLORENCE::Server'
      C:\Users\Legel.DESKTOP-RKOK0RG\source\repos\StaticServer\ServerLibrary\Server.h(9,11):
      see declaration of 'FLORENCE::Server'
  
C:\Users\Legel.DESKTOP-RKOK0RG\source\repos\StaticServer\ServerLibrary\Execute.cpp(59,48): error C2039: 'Get_Algorithms': is not a member of 'FLORENCE::Server'
      C:\Users\Legel.DESKTOP-RKOK0RG\source\repos\StaticServer\ServerLibrary\Server.h(9,11):
      see declaration of 'FLORENCE::Server'
  
C:\Users\Legel.DESKTOP-RKOK0RG\source\repos\StaticServer\ServerLibrary\Execute.cpp(66,52): error C2039: 'Get_Algorithms': is not a member of 'FLORENCE::Server'
      C:\Users\Legel.DESKTOP-RKOK0RG\source\repos\StaticServer\ServerLibrary\Server.h(9,11):
      see declaration of 'FLORENCE::Server'
  
  Input.cpp
C:\Users\Legel.DESKTOP-RKOK0RG\source\repos\StaticServer\ServerLibrary\Server.h(14,19): error C2143: syntax error: missing ';' before '*'
  (compiling source file 'Input.cpp')
  
C:\Users\Legel.DESKTOP-RKOK0RG\source\repos\StaticServer\ServerLibrary\Server.h(14,9): error C4430: missing type specifier - int assumed. Note: C++ does not support default-int
  (compiling source file 'Input.cpp')
  
C:\Users\Legel.DESKTOP-RKOK0RG\source\repos\StaticServer\ServerLibrary\Server.h(14,37): error C2238: unexpected token(s) preceding ';'
  (compiling source file 'Input.cpp')
  
  LaunchConcurrency.cpp
C:\Users\Legel.DESKTOP-RKOK0RG\source\repos\StaticServer\ServerLibrary\Server.h(14,19): error C2143: syntax error: missing ';' before '*'
  (compiling source file 'LaunchConcurrency.cpp')
  
C:\Users\Legel.DESKTOP-RKOK0RG\source\repos\StaticServer\ServerLibrary\Server.h(14,9): error C4430: missing type specifier - int assumed. Note: C++ does not support default-int
  (compiling source file 'LaunchConcurrency.cpp')
  
C:\Users\Legel.DESKTOP-RKOK0RG\source\repos\StaticServer\ServerLibrary\Server.h(14,37): error C2238: unexpected token(s) preceding ';'
  (compiling source file 'LaunchConcurrency.cpp')
  
  ListenRespond.cpp
C:\Users\Legel.DESKTOP-RKOK0RG\source\repos\StaticServer\ServerLibrary\Algorithms.h(15,22): error C2143: syntax error: missing ';' before '*'
  (compiling source file 'ListenRespond.cpp')
  
C:\Users\Legel.DESKTOP-RKOK0RG\source\repos\StaticServer\ServerLibrary\Algorithms.h(15,9): error C4430: missing type specifier - int assumed. Note: C++ does not support default-int
  (compiling source file 'ListenRespond.cpp')
  
C:\Users\Legel.DESKTOP-RKOK0RG\source\repos\StaticServer\ServerLibrary\Algorithms.h(15,43): error C2238: unexpected token(s) preceding ';'
  (compiling source file 'ListenRespond.cpp')
  
C:\Users\Legel.DESKTOP-RKOK0RG\source\repos\StaticServer\ServerLibrary\ListenRespond.cpp(34,70): error C2039: 'Get_ListenRespond': is not a member of 'FLORENCE::Algorithms'
      C:\Users\Legel.DESKTOP-RKOK0RG\source\repos\StaticServer\ServerLibrary\Algorithms.h(9,11):
      see declaration of 'FLORENCE::Algorithms'
  
C:\Users\Legel.DESKTOP-RKOK0RG\source\repos\StaticServer\ServerLibrary\ListenRespond.cpp(80,70): error C2039: 'Get_ListenRespond': is not a member of 'FLORENCE::Algorithms'
      C:\Users\Legel.DESKTOP-RKOK0RG\source\repos\StaticServer\ServerLibrary\Algorithms.h(9,11):
      see declaration of 'FLORENCE::Algorithms'
  
C:\Users\Legel.DESKTOP-RKOK0RG\source\repos\StaticServer\ServerLibrary\ListenRespond.cpp(117,70): error C2039: 'Get_ListenRespond': is not a member of 'FLORENCE::Algorithms'
      C:\Users\Legel.DESKTOP-RKOK0RG\source\repos\StaticServer\ServerLibrary\Algorithms.h(9,11):
      see declaration of 'FLORENCE::Algorithms'
  
  Output.cpp
C:\Users\Legel.DESKTOP-RKOK0RG\source\repos\StaticServer\ServerLibrary\Server.h(14,19): error C2143: syntax error: missing ';' before '*'
  (compiling source file 'Output.cpp')
  
C:\Users\Legel.DESKTOP-RKOK0RG\source\repos\StaticServer\ServerLibrary\Server.h(14,9): error C4430: missing type specifier - int assumed. Note: C++ does not support default-int
  (compiling source file 'Output.cpp')
  
C:\Users\Legel.DESKTOP-RKOK0RG\source\repos\StaticServer\ServerLibrary\Server.h(14,37): error C2238: unexpected token(s) preceding ';'
  (compiling source file 'Output.cpp')
  
  Praise0_Algorithm.cpp
C:\Users\Legel.DESKTOP-RKOK0RG\source\repos\StaticServer\ServerLibrary\Server.h(14,19): error C2143: syntax error: missing ';' before '*'
  (compiling source file 'Praise0_Algorithm.cpp')
  
C:\Users\Legel.DESKTOP-RKOK0RG\source\repos\StaticServer\ServerLibrary\Server.h(14,9): error C4430: missing type specifier - int assumed. Note: C++ does not support default-int
  (compiling source file 'Praise0_Algorithm.cpp')
  
C:\Users\Legel.DESKTOP-RKOK0RG\source\repos\StaticServer\ServerLibrary\Server.h(14,37): error C2238: unexpected token(s) preceding ';'
  (compiling source file 'Praise0_Algorithm.cpp')
  
  Praise0_Input.cpp
C:\Users\Legel.DESKTOP-RKOK0RG\source\repos\StaticServer\ServerLibrary\Server.h(14,19): error C2143: syntax error: missing ';' before '*'
  (compiling source file 'Praise0_Input.cpp')
  
C:\Users\Legel.DESKTOP-RKOK0RG\source\repos\StaticServer\ServerLibrary\Server.h(14,9): error C4430: missing type specifier - int assumed. Note: C++ does not support default-int
  (compiling source file 'Praise0_Input.cpp')
  
C:\Users\Legel.DESKTOP-RKOK0RG\source\repos\StaticServer\ServerLibrary\Server.h(14,37): error C2238: unexpected token(s) preceding ';'
  (compiling source file 'Praise0_Input.cpp')
  
  Praise0_Output.cpp
C:\Users\Legel.DESKTOP-RKOK0RG\source\repos\StaticServer\ServerLibrary\Server.h(14,19): error C2143: syntax error: missing ';' before '*'
  (compiling source file 'Praise0_Output.cpp')
  
C:\Users\Legel.DESKTOP-RKOK0RG\source\repos\StaticServer\ServerLibrary\Server.h(14,9): error C4430: missing type specifier - int assumed. Note: C++ does not support default-int
  (compiling source file 'Praise0_Output.cpp')
  
C:\Users\Legel.DESKTOP-RKOK0RG\source\repos\StaticServer\ServerLibrary\Server.h(14,37): error C2238: unexpected token(s) preceding ';'
  (compiling source file 'Praise0_Output.cpp')
  
  Generating Code...
  Compiling...
  Server.cpp
C:\Users\Legel.DESKTOP-RKOK0RG\source\repos\StaticServer\ServerLibrary\Server.h(14,19): error C2143: syntax error: missing ';' before '*'
  (compiling source file 'Server.cpp')
  
C:\Users\Legel.DESKTOP-RKOK0RG\source\repos\StaticServer\ServerLibrary\Server.h(14,9): error C4430: missing type specifier - int assumed. Note: C++ does not support default-int
  (compiling source file 'Server.cpp')
  
C:\Users\Legel.DESKTOP-RKOK0RG\source\repos\StaticServer\ServerLibrary\Server.h(14,37): error C2238: unexpected token(s) preceding ';'
  (compiling source file 'Server.cpp')
  
C:\Users\Legel.DESKTOP-RKOK0RG\source\repos\StaticServer\ServerLibrary\Server.cpp(36,25): error C2039: 'Get_Algorithms': is not a member of 'FLORENCE::Server'
      C:\Users\Legel.DESKTOP-RKOK0RG\source\repos\StaticServer\ServerLibrary\Server.h(9,11):
      see declaration of 'FLORENCE::Server'
  
C:\Users\Legel.DESKTOP-RKOK0RG\source\repos\StaticServer\ServerLibrary\Server.cpp(38,16): error C2355: 'this': can only be referenced inside non-static member functions or non-static data member initializers
  WriteEnable.cpp
C:\Users\Legel.DESKTOP-RKOK0RG\source\repos\StaticServer\ServerLibrary\Server.h(14,19): error C2143: syntax error: missing ';' before '*'
  (compiling source file 'WriteEnable.cpp')
  
C:\Users\Legel.DESKTOP-RKOK0RG\source\repos\StaticServer\ServerLibrary\Server.h(14,9): error C4430: missing type specifier - int assumed. Note: C++ does not support default-int
  (compiling source file 'WriteEnable.cpp')
  
C:\Users\Legel.DESKTOP-RKOK0RG\source\repos\StaticServer\ServerLibrary\Server.h(14,37): error C2238: unexpected token(s) preceding ';'
  (compiling source file 'WriteEnable.cpp')
  
  framework.cpp
  Generating Code...
