c:\users\legel.desktop-rkok0rg\source\repos\staticserver\x64\debug\serverlibrary.pdb
c:\users\legel.desktop-rkok0rg\source\repos\staticserver\x64\debug\serverlibrary.idb
c:\users\legel.desktop-rkok0rg\source\repos\staticserver\serverlibrary\x64\debug\praise0_input.obj
c:\users\legel.desktop-rkok0rg\source\repos\staticserver\serverlibrary\x64\debug\praise0_algorithm.obj
c:\users\legel.desktop-rkok0rg\source\repos\staticserver\serverlibrary\x64\debug\output.obj
c:\users\legel.desktop-rkok0rg\source\repos\staticserver\serverlibrary\x64\debug\listenrespond.obj
c:\users\legel.desktop-rkok0rg\source\repos\staticserver\serverlibrary\x64\debug\launchconcurrency.obj
c:\users\legel.desktop-rkok0rg\source\repos\staticserver\serverlibrary\x64\debug\input.obj
c:\users\legel.desktop-rkok0rg\source\repos\staticserver\serverlibrary\x64\debug\global.obj
c:\users\legel.desktop-rkok0rg\source\repos\staticserver\serverlibrary\x64\debug\execute.obj
c:\users\legel.desktop-rkok0rg\source\repos\staticserver\serverlibrary\x64\debug\data.obj
c:\users\legel.desktop-rkok0rg\source\repos\staticserver\serverlibrary\x64\debug\control_of_writeenable.obj
c:\users\legel.desktop-rkok0rg\source\repos\staticserver\serverlibrary\x64\debug\control_of_output.obj
c:\users\legel.desktop-rkok0rg\source\repos\staticserver\serverlibrary\x64\debug\control_of_listenrespond.obj
c:\users\legel.desktop-rkok0rg\source\repos\staticserver\serverlibrary\x64\debug\control_of_launchconcurrency.obj
c:\users\legel.desktop-rkok0rg\source\repos\staticserver\serverlibrary\x64\debug\control_of_input.obj
c:\users\legel.desktop-rkok0rg\source\repos\staticserver\serverlibrary\x64\debug\control_of_execute.obj
c:\users\legel.desktop-rkok0rg\source\repos\staticserver\serverlibrary\x64\debug\control_of_data.obj
c:\users\legel.desktop-rkok0rg\source\repos\staticserver\serverlibrary\x64\debug\control_of_concurrent.obj
c:\users\legel.desktop-rkok0rg\source\repos\staticserver\serverlibrary\x64\debug\control_of_algorithms.obj
c:\users\legel.desktop-rkok0rg\source\repos\staticserver\serverlibrary\x64\debug\concurrent.obj
c:\users\legel.desktop-rkok0rg\source\repos\staticserver\serverlibrary\x64\debug\algorithms.obj
c:\users\legel.desktop-rkok0rg\source\repos\staticserver\serverlibrary\x64\debug\framework.obj
c:\users\legel.desktop-rkok0rg\source\repos\staticserver\serverlibrary\x64\debug\writeenable.obj
c:\users\legel.desktop-rkok0rg\source\repos\staticserver\serverlibrary\x64\debug\server.obj
c:\users\legel.desktop-rkok0rg\source\repos\staticserver\serverlibrary\x64\debug\praise0_output.obj
c:\users\legel.desktop-rkok0rg\source\repos\staticserver\x64\debug\serverlibrary.lib
c:\users\legel.desktop-rkok0rg\source\repos\staticserver\serverlibrary\x64\debug\serverlibrary.tlog\cl.command.1.tlog
c:\users\legel.desktop-rkok0rg\source\repos\staticserver\serverlibrary\x64\debug\serverlibrary.tlog\cl.items.tlog
c:\users\legel.desktop-rkok0rg\source\repos\staticserver\serverlibrary\x64\debug\serverlibrary.tlog\cl.read.1.tlog
c:\users\legel.desktop-rkok0rg\source\repos\staticserver\serverlibrary\x64\debug\serverlibrary.tlog\cl.write.1.tlog
c:\users\legel.desktop-rkok0rg\source\repos\staticserver\serverlibrary\x64\debug\serverlibrary.tlog\lib-link.read.1.tlog
c:\users\legel.desktop-rkok0rg\source\repos\staticserver\serverlibrary\x64\debug\serverlibrary.tlog\lib-link.write.1.tlog
c:\users\legel.desktop-rkok0rg\source\repos\staticserver\serverlibrary\x64\debug\serverlibrary.tlog\lib.command.1.tlog
