ServerLibrary.lib(Control_Of_Execute.obj) : error LNK2001: unresolved external symbol "private: static bool FLORENCE::Control_Of_Execute::flag_SystemInitialised" (?flag_SystemInitialised@Control_Of_Execute@FLORENCE@@0_NA)
ServerLibrary.lib(Control_Of_Execute.obj) : error LNK2001: unresolved external symbol "private: static bool * FLORENCE::Control_Of_Execute::flag_ThreadInitialised" (?flag_ThreadInitialised@Control_Of_Execute@FLORENCE@@0PA_NA)
ServerLibrary.lib(Input.obj) : error LNK2001: unresolved external symbol "private: static int * FLORENCE::Input::ptr_in_praiseEventId" (?ptr_in_praiseEventId@Input@FLORENCE@@0PEAHEA)
ServerLibrary.lib(Control_Of_Data.obj) : error LNK2001: unresolved external symbol "private: static bool FLORENCE::Control_Of_Data::flag_InputStackLoaded" (?flag_InputStackLoaded@Control_Of_Data@FLORENCE@@0_NA)
ServerLibrary.lib(Control_Of_Data.obj) : error LNK2001: unresolved external symbol "private: static bool FLORENCE::Control_Of_Data::flag_OutputStackLoaded" (?flag_OutputStackLoaded@Control_Of_Data@FLORENCE@@0_NA)
ServerLibrary.lib(Control_Of_LaunchConcurrency.obj) : error LNK2001: unresolved external symbol "private: static bool FLORENCE::Control_Of_LaunchConcurrency::flag_praisingLaunch" (?flag_praisingLaunch@Control_Of_LaunchConcurrency@FLORENCE@@0_NA)
ServerLibrary.lib(Control_Of_LaunchConcurrency.obj) : error LNK2001: unresolved external symbol "private: static bool * FLORENCE::Control_Of_LaunchConcurrency::flag_ConcurrentCoreState" (?flag_ConcurrentCoreState@Control_Of_LaunchConcurrency@FLORENCE@@0PA_NA)
ServerLibrary.lib(Control_Of_LaunchConcurrency.obj) : error LNK2001: unresolved external symbol "private: static unsigned char * FLORENCE::Control_Of_LaunchConcurrency::ptr_concurrent_CoreId_Index" (?ptr_concurrent_CoreId_Index@Control_Of_LaunchConcurrency@FLORENCE@@0PEAEEA)
ServerLibrary.lib(Control_Of_LaunchConcurrency.obj) : error LNK2001: unresolved external symbol "private: static int * * FLORENCE::Control_Of_LaunchConcurrency::ptr_count_LaunchActive_For" (?ptr_count_LaunchActive_For@Control_Of_LaunchConcurrency@FLORENCE@@0PAPEAHA)
ServerLibrary.lib(Control_Of_LaunchConcurrency.obj) : error LNK2001: unresolved external symbol "private: static int * * FLORENCE::Control_Of_LaunchConcurrency::ptr_count_LaunchIdle_For" (?ptr_count_LaunchIdle_For@Control_Of_LaunchConcurrency@FLORENCE@@0PAPEAHA)
ServerLibrary.lib(Control_Of_LaunchConcurrency.obj) : error LNK2001: unresolved external symbol "private: static unsigned char * FLORENCE::Control_Of_LaunchConcurrency::ptr_new_concurrent_CoreId_Index" (?ptr_new_concurrent_CoreId_Index@Control_Of_LaunchConcurrency@FLORENCE@@0PEAEEA)
ServerLibrary.lib(Control_Of_LaunchConcurrency.obj) : error LNK2001: unresolved external symbol "private: static unsigned char * * FLORENCE::Control_Of_LaunchConcurrency::ptr_que_CoreToLaunch" (?ptr_que_CoreToLaunch@Control_Of_LaunchConcurrency@FLORENCE@@0PAPEAEA)
ServerLibrary.lib(Control_Of_ListenRespond.obj) : error LNK2001: unresolved external symbol "private: static bool FLORENCE::Control_Of_ListenRespond::flag_IO_ThreadState" (?flag_IO_ThreadState@Control_Of_ListenRespond@FLORENCE@@0_NA)
ServerLibrary.lib(Control_Of_WriteEnable.obj) : error LNK2001: unresolved external symbol "private: static unsigned char * FLORENCE::Control_Of_WriteEnable::ptr_coreId_For_WritePraise_Index" (?ptr_coreId_For_WritePraise_Index@Control_Of_WriteEnable@FLORENCE@@0PEAEEA)
ServerLibrary.lib(Control_Of_WriteEnable.obj) : error LNK2001: unresolved external symbol "private: static int * * FLORENCE::Control_Of_WriteEnable::ptr_count_CoreId_WriteActive" (?ptr_count_CoreId_WriteActive@Control_Of_WriteEnable@FLORENCE@@0PAPEAHA)
ServerLibrary.lib(Control_Of_WriteEnable.obj) : error LNK2001: unresolved external symbol "private: static int * * FLORENCE::Control_Of_WriteEnable::ptr_count_CoreId_WriteIdle" (?ptr_count_CoreId_WriteIdle@Control_Of_WriteEnable@FLORENCE@@0PAPEAHA)
ServerLibrary.lib(Control_Of_WriteEnable.obj) : error LNK2001: unresolved external symbol "private: static int * * FLORENCE::Control_Of_WriteEnable::ptr_count_CoreId_WriteWait" (?ptr_count_CoreId_WriteWait@Control_Of_WriteEnable@FLORENCE@@0PAPEAHA)
ServerLibrary.lib(Control_Of_WriteEnable.obj) : error LNK2001: unresolved external symbol "private: static bool (* FLORENCE::Control_Of_WriteEnable::flag_WriteState)[2]" (?flag_WriteState@Control_Of_WriteEnable@FLORENCE@@0PAY01_NA)
ServerLibrary.lib(Control_Of_WriteEnable.obj) : error LNK2001: unresolved external symbol "private: static unsigned char * FLORENCE::Control_Of_WriteEnable::ptr_new_coreId_For_WritePraise_Index" (?ptr_new_coreId_For_WritePraise_Index@Control_Of_WriteEnable@FLORENCE@@0PEAEEA)
ServerLibrary.lib(Control_Of_WriteEnable.obj) : error LNK2001: unresolved external symbol "private: static bool FLORENCE::Control_Of_WriteEnable::praisingWrite" (?praisingWrite@Control_Of_WriteEnable@FLORENCE@@0_NA)
ServerLibrary.lib(Control_Of_WriteEnable.obj) : error LNK2001: unresolved external symbol "private: static unsigned char * * FLORENCE::Control_Of_WriteEnable::ptr_que_CoreToWrite" (?ptr_que_CoreToWrite@Control_Of_WriteEnable@FLORENCE@@0PAPEAEA)
ServerLibrary.lib(Praise0_Output.obj) : error LNK2001: unresolved external symbol "private: static bool FLORENCE::Praise0_Output::praise0_Result" (?praise0_Result@Praise0_Output@FLORENCE@@0_NA)
MSVCRTD.lib(exe_main.obj) : error LNK2019: unresolved external symbol main referenced in function "int __cdecl invoke_main(void)" (?invoke_main@@YAHXZ)
    Hint on symbols that are defined and could potentially match:
      "int __cdecl FLORENCE::main(void)" (?main@FLORENCE@@YAHXZ)
C:\Users\Legel.DESKTOP-RKOK0RG\source\repos\StaticServer\x64\Debug\FLORENCE_Server.exe : fatal error LNK1120: 23 unresolved externals
